2018-07-07 08:32:37.579 [Eureka-EvictionTimer] INFO  com.netflix.eureka.registry.AbstractInstanceRegistry - Running the evict task with compensationTime 50224127ms
2018-07-07 08:33:39.689 [Eureka-EvictionTimer] INFO  com.netflix.eureka.registry.AbstractInstanceRegistry - Running the evict task with compensationTime 0ms
2018-07-07 08:34:39.690 [Eureka-EvictionTimer] INFO  com.netflix.eureka.registry.AbstractInstanceRegistry - Running the evict task with compensationTime 0ms
2018-07-07 08:35:39.690 [Eureka-EvictionTimer] INFO  com.netflix.eureka.registry.AbstractInstanceRegistry - Running the evict task with compensationTime 0ms
2018-07-07 08:36:39.690 [Eureka-EvictionTimer] INFO  com.netflix.eureka.registry.AbstractInstanceRegistry - Running the evict task with compensationTime 0ms
2018-07-07 08:37:39.691 [Eureka-EvictionTimer] INFO  com.netflix.eureka.registry.AbstractInstanceRegistry - Running the evict task with compensationTime 0ms
2018-07-07 08:38:05.792 [http-nio-8761-exec-3] INFO  com.netflix.eureka.registry.AbstractInstanceRegistry - Registered instance MICRO-ANCAIYUN-ZUUL/localhost:micro-ancaiyun-zuul:8888 with status UP (replication=false)
2018-07-07 08:38:39.691 [Eureka-EvictionTimer] INFO  com.netflix.eureka.registry.AbstractInstanceRegistry - Running the evict task with compensationTime 0ms
2018-07-07 08:39:39.692 [Eureka-EvictionTimer] INFO  com.netflix.eureka.registry.AbstractInstanceRegistry - Running the evict task with compensationTime 0ms
2018-07-07 08:40:32.331 [main] INFO  org.springframework.context.annotation.AnnotationConfigApplicationContext - Refreshing org.springframework.context.annotation.AnnotationConfigApplicationContext@2638011: startup date [Sat Jul 07 08:40:32 CST 2018]; root of context hierarchy
2018-07-07 08:40:32.624 [main] INFO  org.springframework.beans.factory.annotation.AutowiredAnnotationBeanPostProcessor - JSR-330 'javax.inject.Inject' annotation found and supported for autowiring
2018-07-07 08:40:32.665 [main] INFO  org.springframework.context.support.PostProcessorRegistrationDelegate$BeanPostProcessorChecker - Bean 'configurationPropertiesRebinderAutoConfiguration' of type [org.springframework.cloud.autoconfigure.ConfigurationPropertiesRebinderAutoConfiguration$$EnhancerBySpringCGLIB$$d6fefe4a] is not eligible for getting processed by all BeanPostProcessors (for example: not eligible for auto-proxying)
2018-07-07 08:40:34.127 [main] INFO  com.ancaiyun.MicroAncaiyunEurekaServerApplication - No active profile set, falling back to default profiles: default
2018-07-07 08:40:34.168 [main] INFO  org.springframework.boot.web.servlet.context.AnnotationConfigServletWebServerApplicationContext - Refreshing org.springframework.boot.web.servlet.context.AnnotationConfigServletWebServerApplicationContext@632ceb35: startup date [Sat Jul 07 08:40:34 CST 2018]; parent: org.springframework.context.annotation.AnnotationConfigApplicationContext@2638011
2018-07-07 08:40:34.901 [main] INFO  org.springframework.beans.factory.support.DefaultListableBeanFactory - Overriding bean definition for bean 'environmentWebEndpointExtension' with a different definition: replacing [Root bean: class [null]; scope=; abstract=false; lazyInit=false; autowireMode=3; dependencyCheck=0; autowireCandidate=true; primary=false; factoryBeanName=org.springframework.boot.actuate.autoconfigure.env.EnvironmentEndpointAutoConfiguration; factoryMethodName=environmentWebEndpointExtension; initMethodName=null; destroyMethodName=(inferred); defined in class path resource [org/springframework/boot/actuate/autoconfigure/env/EnvironmentEndpointAutoConfiguration.class]] with [Root bean: class [null]; scope=; abstract=false; lazyInit=false; autowireMode=3; dependencyCheck=0; autowireCandidate=true; primary=false; factoryBeanName=org.springframework.cloud.autoconfigure.LifecycleMvcEndpointAutoConfiguration$EndpointConfiguration; factoryMethodName=environmentWebEndpointExtension; initMethodName=null; destroyMethodName=(inferred); defined in class path resource [org/springframework/cloud/autoconfigure/LifecycleMvcEndpointAutoConfiguration$EndpointConfiguration.class]]
2018-07-07 08:40:35.369 [main] INFO  org.springframework.cloud.context.scope.GenericScope - BeanFactory id=8385353e-8ffa-3050-ab7a-11f1d62df4d6
2018-07-07 08:40:35.413 [main] INFO  org.springframework.beans.factory.annotation.AutowiredAnnotationBeanPostProcessor - JSR-330 'javax.inject.Inject' annotation found and supported for autowiring
2018-07-07 08:40:35.532 [main] INFO  org.springframework.context.support.PostProcessorRegistrationDelegate$BeanPostProcessorChecker - Bean 'org.springframework.cloud.autoconfigure.ConfigurationPropertiesRebinderAutoConfiguration' of type [org.springframework.cloud.autoconfigure.ConfigurationPropertiesRebinderAutoConfiguration$$EnhancerBySpringCGLIB$$d6fefe4a] is not eligible for getting processed by all BeanPostProcessors (for example: not eligible for auto-proxying)
2018-07-07 08:40:35.967 [main] INFO  org.springframework.boot.web.embedded.tomcat.TomcatWebServer - Tomcat initialized with port(s): 8761 (http)
2018-07-07 08:40:35.988 [main] INFO  org.apache.coyote.http11.Http11NioProtocol - Initializing ProtocolHandler ["http-nio-8761"]
2018-07-07 08:40:36.004 [main] INFO  org.apache.catalina.core.StandardService - Starting service [Tomcat]
2018-07-07 08:40:36.025 [main] INFO  org.apache.catalina.core.StandardEngine - Starting Servlet Engine: Apache Tomcat/8.5.29
2018-07-07 08:40:36.033 [localhost-startStop-1] INFO  org.apache.catalina.core.AprLifecycleListener - The APR based Apache Tomcat Native library which allows optimal performance in production environments was not found on the java.library.path: [D:\houtai\jdk\bin;C:\WINDOWS\Sun\Java\bin;C:\WINDOWS\system32;C:\WINDOWS;D:\houtai\jdk\bin;C:\ProgramData\Oracle\Java\javapath;F:\springboot\spring-boot-cli-1.3.0.BUILD-SNAPSHOT-bin\spring-1.3.0.BUILD-SNAPSHOT\bin;C:\WINDOWS\system32;C:\WINDOWS;C:\WINDOWS\System32\Wbem;C:\WINDOWS\System32\WindowsPowerShell\v1.0\;C:\WINDOWS\System32\OpenSSH\;D:\houtai\node_js\;E:\git\Git\cmd;D:\houtai\jdk\bin;C:\Users\Administrator\AppData\Local\Microsoft\WindowsApps;C:\Users\Administrator\AppData\Roaming\npm;.]
2018-07-07 08:40:36.268 [localhost-startStop-1] INFO  org.apache.catalina.core.ContainerBase.[Tomcat].[localhost].[/] - Initializing Spring embedded WebApplicationContext
2018-07-07 08:40:36.269 [localhost-startStop-1] INFO  org.springframework.web.context.ContextLoader - Root WebApplicationContext: initialization completed in 2101 ms
2018-07-07 08:40:38.560 [localhost-startStop-1] INFO  org.springframework.cloud.commons.util.InetUtils - Cannot determine local hostname
2018-07-07 08:40:39.783 [localhost-startStop-1] INFO  org.springframework.cloud.commons.util.InetUtils - Cannot determine local hostname
2018-07-07 08:40:40.407 [localhost-startStop-1] INFO  org.springframework.boot.web.servlet.FilterRegistrationBean - Mapping filter: 'characterEncodingFilter' to: [/*]
2018-07-07 08:40:40.414 [localhost-startStop-1] INFO  org.springframework.boot.web.servlet.FilterRegistrationBean - Mapping filter: 'hiddenHttpMethodFilter' to: [/*]
2018-07-07 08:40:40.416 [localhost-startStop-1] INFO  org.springframework.boot.web.servlet.FilterRegistrationBean - Mapping filter: 'httpPutFormContentFilter' to: [/*]
2018-07-07 08:40:40.423 [localhost-startStop-1] INFO  org.springframework.boot.web.servlet.FilterRegistrationBean - Mapping filter: 'requestContextFilter' to: [/*]
2018-07-07 08:40:40.424 [localhost-startStop-1] INFO  org.springframework.boot.web.servlet.FilterRegistrationBean - Mapping filter: 'httpTraceFilter' to: [/*]
2018-07-07 08:40:40.425 [localhost-startStop-1] INFO  org.springframework.boot.web.servlet.FilterRegistrationBean - Mapping filter: 'webMvcMetricsFilter' to: [/*]
2018-07-07 08:40:40.426 [localhost-startStop-1] INFO  org.springframework.boot.web.servlet.FilterRegistrationBean - Mapping filter: 'servletContainer' to urls: [/eureka/*]
2018-07-07 08:40:40.427 [localhost-startStop-1] INFO  org.springframework.boot.web.servlet.ServletRegistrationBean - Servlet dispatcherServlet mapped to [/]
2018-07-07 08:40:40.892 [localhost-startStop-1] INFO  com.sun.jersey.server.impl.application.WebApplicationImpl - Initiating Jersey application, version 'Jersey: 1.19.1 03/11/2016 02:08 PM'
2018-07-07 08:40:41.005 [localhost-startStop-1] INFO  com.netflix.discovery.provider.DiscoveryJerseyProvider - Using JSON encoding codec LegacyJacksonJson
2018-07-07 08:40:41.015 [localhost-startStop-1] INFO  com.netflix.discovery.provider.DiscoveryJerseyProvider - Using JSON decoding codec LegacyJacksonJson
2018-07-07 08:40:41.135 [localhost-startStop-1] INFO  com.netflix.discovery.provider.DiscoveryJerseyProvider - Using XML encoding codec XStreamXml
2018-07-07 08:40:41.153 [localhost-startStop-1] INFO  com.netflix.discovery.provider.DiscoveryJerseyProvider - Using XML decoding codec XStreamXml
2018-07-07 08:40:44.459 [main] INFO  com.netflix.config.sources.URLConfigurationSource - To enable URLs as dynamic configuration sources, define System property archaius.configurationSource.additionalUrls or make config.properties available on classpath.
2018-07-07 08:40:44.474 [main] INFO  com.netflix.config.sources.URLConfigurationSource - To enable URLs as dynamic configuration sources, define System property archaius.configurationSource.additionalUrls or make config.properties available on classpath.
2018-07-07 08:40:44.575 [main] INFO  org.springframework.web.servlet.handler.SimpleUrlHandlerMapping - Mapped URL path [/**/favicon.ico] onto handler of type [class org.springframework.web.servlet.resource.ResourceHttpRequestHandler]
2018-07-07 08:40:44.821 [main] INFO  org.springframework.web.servlet.mvc.method.annotation.RequestMappingHandlerAdapter - Looking for @ControllerAdvice: org.springframework.boot.web.servlet.context.AnnotationConfigServletWebServerApplicationContext@632ceb35: startup date [Sat Jul 07 08:40:34 CST 2018]; parent: org.springframework.context.annotation.AnnotationConfigApplicationContext@2638011
2018-07-07 08:40:44.895 [main] INFO  org.springframework.web.servlet.mvc.method.annotation.RequestMappingHandlerMapping - Mapped "{[/error]}" onto public org.springframework.http.ResponseEntity<java.util.Map<java.lang.String, java.lang.Object>> org.springframework.boot.autoconfigure.web.servlet.error.BasicErrorController.error(javax.servlet.http.HttpServletRequest)
2018-07-07 08:40:44.897 [main] INFO  org.springframework.web.servlet.mvc.method.annotation.RequestMappingHandlerMapping - Mapped "{[/error],produces=[text/html]}" onto public org.springframework.web.servlet.ModelAndView org.springframework.boot.autoconfigure.web.servlet.error.BasicErrorController.errorHtml(javax.servlet.http.HttpServletRequest,javax.servlet.http.HttpServletResponse)
2018-07-07 08:40:44.904 [main] INFO  org.springframework.web.servlet.mvc.method.annotation.RequestMappingHandlerMapping - Mapped "{[/],methods=[GET]}" onto public java.lang.String org.springframework.cloud.netflix.eureka.server.EurekaController.status(javax.servlet.http.HttpServletRequest,java.util.Map<java.lang.String, java.lang.Object>)
2018-07-07 08:40:44.905 [main] INFO  org.springframework.web.servlet.mvc.method.annotation.RequestMappingHandlerMapping - Mapped "{[/lastn],methods=[GET]}" onto public java.lang.String org.springframework.cloud.netflix.eureka.server.EurekaController.lastn(javax.servlet.http.HttpServletRequest,java.util.Map<java.lang.String, java.lang.Object>)
2018-07-07 08:40:44.938 [main] INFO  org.springframework.web.servlet.handler.SimpleUrlHandlerMapping - Mapped URL path [/webjars/**] onto handler of type [class org.springframework.web.servlet.resource.ResourceHttpRequestHandler]
2018-07-07 08:40:44.942 [main] INFO  org.springframework.web.servlet.handler.SimpleUrlHandlerMapping - Mapped URL path [/**] onto handler of type [class org.springframework.web.servlet.resource.ResourceHttpRequestHandler]
2018-07-07 08:40:45.394 [main] INFO  org.springframework.ui.freemarker.SpringTemplateLoader - SpringTemplateLoader for FreeMarker: using resource loader [org.springframework.boot.web.servlet.context.AnnotationConfigServletWebServerApplicationContext@632ceb35: startup date [Sat Jul 07 08:40:34 CST 2018]; parent: org.springframework.context.annotation.AnnotationConfigApplicationContext@2638011] and template loader path [classpath:/templates/]
2018-07-07 08:40:45.449 [main] INFO  org.springframework.web.servlet.view.freemarker.FreeMarkerConfigurer - ClassTemplateLoader for Spring macros added to FreeMarker configuration
2018-07-07 08:40:45.714 [main] INFO  org.springframework.cloud.netflix.eureka.InstanceInfoFactory - Setting initial instance status as: STARTING
2018-07-07 08:40:45.744 [main] INFO  com.netflix.discovery.DiscoveryClient - Initializing Eureka in region us-east-1
2018-07-07 08:40:45.745 [main] INFO  com.netflix.discovery.DiscoveryClient - Client configured to neither register nor query for data.
2018-07-07 08:40:45.753 [main] INFO  com.netflix.discovery.DiscoveryClient - Discovery Client initialized at timestamp 1530924045752 with initial instances count: 0
2018-07-07 08:40:45.848 [main] INFO  com.netflix.eureka.DefaultEurekaServerContext - Initializing ...
2018-07-07 08:40:45.866 [main] INFO  com.netflix.eureka.registry.AbstractInstanceRegistry - Finished initializing remote region registries. All known remote regions: []
2018-07-07 08:40:45.867 [main] INFO  com.netflix.eureka.DefaultEurekaServerContext - Initialized
2018-07-07 08:40:45.884 [main] INFO  org.springframework.boot.actuate.endpoint.web.EndpointLinksResolver - Exposing 2 endpoint(s) beneath base path '/actuator'
2018-07-07 08:40:45.895 [main] INFO  org.springframework.boot.actuate.endpoint.web.servlet.WebMvcEndpointHandlerMapping - Mapped "{[/actuator/health],methods=[GET],produces=[application/vnd.spring-boot.actuator.v2+json || application/json]}" onto public java.lang.Object org.springframework.boot.actuate.endpoint.web.servlet.AbstractWebMvcEndpointHandlerMapping$OperationHandler.handle(javax.servlet.http.HttpServletRequest,java.util.Map<java.lang.String, java.lang.String>)
2018-07-07 08:40:45.898 [main] INFO  org.springframework.boot.actuate.endpoint.web.servlet.WebMvcEndpointHandlerMapping - Mapped "{[/actuator/info],methods=[GET],produces=[application/vnd.spring-boot.actuator.v2+json || application/json]}" onto public java.lang.Object org.springframework.boot.actuate.endpoint.web.servlet.AbstractWebMvcEndpointHandlerMapping$OperationHandler.handle(javax.servlet.http.HttpServletRequest,java.util.Map<java.lang.String, java.lang.String>)
2018-07-07 08:40:45.899 [main] INFO  org.springframework.boot.actuate.endpoint.web.servlet.WebMvcEndpointHandlerMapping - Mapped "{[/actuator],methods=[GET],produces=[application/vnd.spring-boot.actuator.v2+json || application/json]}" onto protected java.util.Map<java.lang.String, java.util.Map<java.lang.String, org.springframework.boot.actuate.endpoint.web.Link>> org.springframework.boot.actuate.endpoint.web.servlet.WebMvcEndpointHandlerMapping.links(javax.servlet.http.HttpServletRequest,javax.servlet.http.HttpServletResponse)
2018-07-07 08:40:45.952 [main] INFO  org.springframework.jmx.export.annotation.AnnotationMBeanExporter - Registering beans for JMX exposure on startup
2018-07-07 08:40:45.966 [main] INFO  org.springframework.jmx.export.annotation.AnnotationMBeanExporter - Bean with name 'configurationPropertiesRebinder' has been autodetected for JMX exposure
2018-07-07 08:40:45.994 [main] INFO  org.springframework.jmx.export.annotation.AnnotationMBeanExporter - Bean with name 'environmentManager' has been autodetected for JMX exposure
2018-07-07 08:40:45.996 [main] INFO  org.springframework.jmx.export.annotation.AnnotationMBeanExporter - Bean with name 'refreshScope' has been autodetected for JMX exposure
2018-07-07 08:40:46.001 [main] INFO  org.springframework.jmx.export.annotation.AnnotationMBeanExporter - Located managed bean 'environmentManager': registering with JMX server as MBean [org.springframework.cloud.context.environment:name=environmentManager,type=EnvironmentManager]
2018-07-07 08:40:46.010 [main] INFO  org.springframework.jmx.export.annotation.AnnotationMBeanExporter - Located managed bean 'refreshScope': registering with JMX server as MBean [org.springframework.cloud.context.scope.refresh:name=refreshScope,type=RefreshScope]
2018-07-07 08:40:46.021 [main] INFO  org.springframework.jmx.export.annotation.AnnotationMBeanExporter - Located managed bean 'configurationPropertiesRebinder': registering with JMX server as MBean [org.springframework.cloud.context.properties:name=configurationPropertiesRebinder,context=632ceb35,type=ConfigurationPropertiesRebinder]
2018-07-07 08:40:46.033 [main] INFO  org.springframework.context.support.DefaultLifecycleProcessor - Starting beans in phase 0
2018-07-07 08:40:46.034 [main] INFO  org.springframework.cloud.netflix.eureka.serviceregistry.EurekaServiceRegistry - Registering application unknown with eureka with status UP
2018-07-07 08:40:46.037 [Thread-45] INFO  org.springframework.cloud.netflix.eureka.server.EurekaServerBootstrap - Setting the eureka configuration..
2018-07-07 08:40:46.039 [Thread-45] INFO  org.springframework.cloud.netflix.eureka.server.EurekaServerBootstrap - Eureka data center value eureka.datacenter is not set, defaulting to default
2018-07-07 08:40:46.042 [Thread-45] INFO  org.springframework.cloud.netflix.eureka.server.EurekaServerBootstrap - Eureka environment value eureka.environment is not set, defaulting to test
2018-07-07 08:40:46.047 [main] INFO  org.apache.coyote.http11.Http11NioProtocol - Starting ProtocolHandler ["http-nio-8761"]
2018-07-07 08:40:46.053 [Thread-45] INFO  org.springframework.cloud.netflix.eureka.server.EurekaServerBootstrap - isAws returned false
2018-07-07 08:40:46.055 [Thread-45] INFO  org.springframework.cloud.netflix.eureka.server.EurekaServerBootstrap - Initialized server context
2018-07-07 08:40:46.055 [Thread-45] INFO  com.netflix.eureka.registry.PeerAwareInstanceRegistryImpl - Got 1 instances from neighboring DS node
2018-07-07 08:40:46.056 [Thread-45] INFO  com.netflix.eureka.registry.PeerAwareInstanceRegistryImpl - Renew threshold is: 1
2018-07-07 08:40:46.056 [Thread-45] INFO  com.netflix.eureka.registry.PeerAwareInstanceRegistryImpl - Changing status to UP
2018-07-07 08:40:46.060 [main] INFO  org.apache.tomcat.util.net.NioSelectorPool - Using a shared selector for servlet write/read
2018-07-07 08:40:46.066 [Thread-45] INFO  org.springframework.cloud.netflix.eureka.server.EurekaServerInitializerConfiguration - Started Eureka Server
2018-07-07 08:40:46.079 [main] INFO  org.springframework.boot.web.embedded.tomcat.TomcatWebServer - Tomcat started on port(s): 8761 (http) with context path ''
2018-07-07 08:40:46.091 [main] INFO  org.springframework.cloud.netflix.eureka.serviceregistry.EurekaAutoServiceRegistration - Updating port to 8761
2018-07-07 08:40:46.101 [main] INFO  com.ancaiyun.MicroAncaiyunEurekaServerApplication - Started MicroAncaiyunEurekaServerApplication in 15.552 seconds (JVM running for 17.204)
2018-07-07 08:40:46.904 [RMI TCP Connection(10)-127.0.0.1] INFO  org.apache.catalina.core.ContainerBase.[Tomcat].[localhost].[/] - Initializing Spring FrameworkServlet 'dispatcherServlet'
2018-07-07 08:40:46.905 [RMI TCP Connection(10)-127.0.0.1] INFO  org.springframework.web.servlet.DispatcherServlet - FrameworkServlet 'dispatcherServlet': initialization started
2018-07-07 08:40:46.935 [RMI TCP Connection(10)-127.0.0.1] INFO  org.springframework.web.servlet.DispatcherServlet - FrameworkServlet 'dispatcherServlet': initialization completed in 18 ms
2018-07-07 08:41:01.310 [http-nio-8761-exec-4] INFO  com.netflix.eureka.registry.AbstractInstanceRegistry - Registered instance ANCAIYUN-ADMIN-SERVER/localhost:ancaiyun-admin-server:8084 with status UP (replication=false)
2018-07-07 08:41:10.015 [http-nio-8761-exec-8] INFO  com.netflix.eureka.registry.AbstractInstanceRegistry - Registered instance MICRO-ANCAIYUN-ZUUL/localhost:micro-ancaiyun-zuul:8888 with status UP (replication=false)
2018-07-07 08:41:12.952 [http-nio-8761-exec-1] INFO  com.netflix.eureka.registry.AbstractInstanceRegistry - Registered instance MICRO-ANCAIYUN-SSO-SERVICE/localhost:micro-ancaiyun-sso-service:8880 with status UP (replication=false)
2018-07-07 08:41:46.059 [Eureka-EvictionTimer] INFO  com.netflix.eureka.registry.AbstractInstanceRegistry - Running the evict task with compensationTime 0ms
2018-07-07 08:42:34.980 [http-nio-8761-exec-4] INFO  com.netflix.eureka.registry.AbstractInstanceRegistry - Registered instance ANCAIYUN-ADMIN-SERVER/localhost:ancaiyun-admin-server:8084 with status UP (replication=false)
2018-07-07 08:42:46.060 [Eureka-EvictionTimer] INFO  com.netflix.eureka.registry.AbstractInstanceRegistry - Running the evict task with compensationTime 0ms
2018-07-07 08:43:46.060 [Eureka-EvictionTimer] INFO  com.netflix.eureka.registry.AbstractInstanceRegistry - Running the evict task with compensationTime 0ms
2018-07-07 08:44:46.061 [Eureka-EvictionTimer] INFO  com.netflix.eureka.registry.AbstractInstanceRegistry - Running the evict task with compensationTime 0ms
2018-07-07 08:45:46.061 [Eureka-EvictionTimer] INFO  com.netflix.eureka.registry.AbstractInstanceRegistry - Running the evict task with compensationTime 0ms
2018-07-07 08:46:46.062 [Eureka-EvictionTimer] INFO  com.netflix.eureka.registry.AbstractInstanceRegistry - Running the evict task with compensationTime 0ms
2018-07-07 08:47:46.063 [Eureka-EvictionTimer] INFO  com.netflix.eureka.registry.AbstractInstanceRegistry - Running the evict task with compensationTime 1ms
2018-07-07 08:48:46.064 [Eureka-EvictionTimer] INFO  com.netflix.eureka.registry.AbstractInstanceRegistry - Running the evict task with compensationTime 0ms
2018-07-07 08:49:46.064 [Eureka-EvictionTimer] INFO  com.netflix.eureka.registry.AbstractInstanceRegistry - Running the evict task with compensationTime 0ms
2018-07-07 08:50:46.064 [Eureka-EvictionTimer] INFO  com.netflix.eureka.registry.AbstractInstanceRegistry - Running the evict task with compensationTime 0ms
2018-07-07 08:51:46.065 [Eureka-EvictionTimer] INFO  com.netflix.eureka.registry.AbstractInstanceRegistry - Running the evict task with compensationTime 1ms
2018-07-07 08:52:46.066 [Eureka-EvictionTimer] INFO  com.netflix.eureka.registry.AbstractInstanceRegistry - Running the evict task with compensationTime 0ms
2018-07-07 08:53:46.066 [Eureka-EvictionTimer] INFO  com.netflix.eureka.registry.AbstractInstanceRegistry - Running the evict task with compensationTime 0ms
2018-07-07 08:53:52.301 [http-nio-8761-exec-6] INFO  com.netflix.eureka.registry.AbstractInstanceRegistry - Registered instance MICRO-ANCAIYUN-SSO-SERVICE/localhost:micro-ancaiyun-sso-service:8880 with status UP (replication=false)
2018-07-07 08:54:46.067 [Eureka-EvictionTimer] INFO  com.netflix.eureka.registry.AbstractInstanceRegistry - Running the evict task with compensationTime 0ms
2018-07-07 08:55:45.876 [ReplicaAwareInstanceRegistry - RenewalThresholdUpdater] INFO  com.netflix.eureka.registry.PeerAwareInstanceRegistryImpl - Current renewal threshold is : 6
2018-07-07 08:55:46.067 [Eureka-EvictionTimer] INFO  com.netflix.eureka.registry.AbstractInstanceRegistry - Running the evict task with compensationTime 0ms
2018-07-07 08:56:46.067 [Eureka-EvictionTimer] INFO  com.netflix.eureka.registry.AbstractInstanceRegistry - Running the evict task with compensationTime 0ms
2018-07-07 08:57:46.068 [Eureka-EvictionTimer] INFO  com.netflix.eureka.registry.AbstractInstanceRegistry - Running the evict task with compensationTime 0ms
2018-07-07 08:58:46.068 [Eureka-EvictionTimer] INFO  com.netflix.eureka.registry.AbstractInstanceRegistry - Running the evict task with compensationTime 0ms
2018-07-07 08:59:46.069 [Eureka-EvictionTimer] INFO  com.netflix.eureka.registry.AbstractInstanceRegistry - Running the evict task with compensationTime 0ms
2018-07-07 09:00:46.069 [Eureka-EvictionTimer] INFO  com.netflix.eureka.registry.AbstractInstanceRegistry - Running the evict task with compensationTime 0ms
2018-07-07 09:01:46.070 [Eureka-EvictionTimer] INFO  com.netflix.eureka.registry.AbstractInstanceRegistry - Running the evict task with compensationTime 0ms
2018-07-07 09:02:46.071 [Eureka-EvictionTimer] INFO  com.netflix.eureka.registry.AbstractInstanceRegistry - Running the evict task with compensationTime 1ms
2018-07-07 09:03:46.072 [Eureka-EvictionTimer] INFO  com.netflix.eureka.registry.AbstractInstanceRegistry - Running the evict task with compensationTime 0ms
2018-07-07 09:04:46.072 [Eureka-EvictionTimer] INFO  com.netflix.eureka.registry.AbstractInstanceRegistry - Running the evict task with compensationTime 0ms
2018-07-07 09:05:46.072 [Eureka-EvictionTimer] INFO  com.netflix.eureka.registry.AbstractInstanceRegistry - Running the evict task with compensationTime 0ms
2018-07-07 09:06:46.073 [Eureka-EvictionTimer] INFO  com.netflix.eureka.registry.AbstractInstanceRegistry - Running the evict task with compensationTime 0ms
2018-07-07 09:07:46.073 [Eureka-EvictionTimer] INFO  com.netflix.eureka.registry.AbstractInstanceRegistry - Running the evict task with compensationTime 0ms
2018-07-07 09:08:46.074 [Eureka-EvictionTimer] INFO  com.netflix.eureka.registry.AbstractInstanceRegistry - Running the evict task with compensationTime 0ms
2018-07-07 09:09:46.074 [Eureka-EvictionTimer] INFO  com.netflix.eureka.registry.AbstractInstanceRegistry - Running the evict task with compensationTime 0ms
2018-07-07 09:10:45.867 [ReplicaAwareInstanceRegistry - RenewalThresholdUpdater] INFO  com.netflix.eureka.registry.PeerAwareInstanceRegistryImpl - Current renewal threshold is : 6
2018-07-07 09:10:46.074 [Eureka-EvictionTimer] INFO  com.netflix.eureka.registry.AbstractInstanceRegistry - Running the evict task with compensationTime 0ms
2018-07-07 09:11:46.075 [Eureka-EvictionTimer] INFO  com.netflix.eureka.registry.AbstractInstanceRegistry - Running the evict task with compensationTime 0ms
2018-07-07 09:12:46.075 [Eureka-EvictionTimer] INFO  com.netflix.eureka.registry.AbstractInstanceRegistry - Running the evict task with compensationTime 0ms
2018-07-07 09:13:46.076 [Eureka-EvictionTimer] INFO  com.netflix.eureka.registry.AbstractInstanceRegistry - Running the evict task with compensationTime 0ms
2018-07-07 09:14:46.076 [Eureka-EvictionTimer] INFO  com.netflix.eureka.registry.AbstractInstanceRegistry - Running the evict task with compensationTime 0ms
2018-07-07 09:15:46.076 [Eureka-EvictionTimer] INFO  com.netflix.eureka.registry.AbstractInstanceRegistry - Running the evict task with compensationTime 0ms
2018-07-07 09:16:46.077 [Eureka-EvictionTimer] INFO  com.netflix.eureka.registry.AbstractInstanceRegistry - Running the evict task with compensationTime 0ms
2018-07-07 09:17:46.077 [Eureka-EvictionTimer] INFO  com.netflix.eureka.registry.AbstractInstanceRegistry - Running the evict task with compensationTime 0ms
2018-07-07 09:18:46.078 [Eureka-EvictionTimer] INFO  com.netflix.eureka.registry.AbstractInstanceRegistry - Running the evict task with compensationTime 0ms
2018-07-07 09:19:46.078 [Eureka-EvictionTimer] INFO  com.netflix.eureka.registry.AbstractInstanceRegistry - Running the evict task with compensationTime 0ms
2018-07-07 09:20:46.078 [Eureka-EvictionTimer] INFO  com.netflix.eureka.registry.AbstractInstanceRegistry - Running the evict task with compensationTime 0ms
