2018-11-05 09:03:25.145 [main] WARN  org.springframework.cloud.netflix.archaius.ArchaiusAutoConfiguration - No spring.application.name found, defaulting to 'application'
2018-11-05 09:03:25.147 [main] WARN  com.netflix.config.sources.URLConfigurationSource - No URLs will be polled as dynamic configuration sources.
2018-11-05 09:03:25.150 [main] WARN  com.netflix.config.sources.URLConfigurationSource - No URLs will be polled as dynamic configuration sources.
2018-11-05 09:03:26.358 [main] WARN  com.netflix.eureka.cluster.PeerEurekaNodes - The replica size seems to be empty. Check the route 53 DNS Registry
2018-11-05 09:13:26.361 [Eureka-PeerNodesUpdater] WARN  com.netflix.eureka.cluster.PeerEurekaNodes - The replica size seems to be empty. Check the route 53 DNS Registry
2018-11-05 09:23:26.363 [Eureka-PeerNodesUpdater] WARN  com.netflix.eureka.cluster.PeerEurekaNodes - The replica size seems to be empty. Check the route 53 DNS Registry
2018-11-05 09:26:09.658 [http-nio-8761-exec-1] WARN  com.netflix.eureka.registry.AbstractInstanceRegistry - DS: Registry: cancel failed because Lease is not registered for: MIRCO-ANCAIYUN-PERFORMANCE-SERVER/localhost:mirco-ancaiyun-performance-server:-1
2018-11-05 09:33:26.364 [Eureka-PeerNodesUpdater] WARN  com.netflix.eureka.cluster.PeerEurekaNodes - The replica size seems to be empty. Check the route 53 DNS Registry
2018-11-05 09:43:26.365 [Eureka-PeerNodesUpdater] WARN  com.netflix.eureka.cluster.PeerEurekaNodes - The replica size seems to be empty. Check the route 53 DNS Registry
2018-11-05 09:53:26.369 [Eureka-PeerNodesUpdater] WARN  com.netflix.eureka.cluster.PeerEurekaNodes - The replica size seems to be empty. Check the route 53 DNS Registry
2018-11-05 10:03:26.370 [Eureka-PeerNodesUpdater] WARN  com.netflix.eureka.cluster.PeerEurekaNodes - The replica size seems to be empty. Check the route 53 DNS Registry
2018-11-05 10:13:26.373 [Eureka-PeerNodesUpdater] WARN  com.netflix.eureka.cluster.PeerEurekaNodes - The replica size seems to be empty. Check the route 53 DNS Registry
2018-11-05 10:23:26.375 [Eureka-PeerNodesUpdater] WARN  com.netflix.eureka.cluster.PeerEurekaNodes - The replica size seems to be empty. Check the route 53 DNS Registry
2018-11-05 10:33:26.376 [Eureka-PeerNodesUpdater] WARN  com.netflix.eureka.cluster.PeerEurekaNodes - The replica size seems to be empty. Check the route 53 DNS Registry
2018-11-05 10:43:26.378 [Eureka-PeerNodesUpdater] WARN  com.netflix.eureka.cluster.PeerEurekaNodes - The replica size seems to be empty. Check the route 53 DNS Registry
2018-11-05 10:48:38.277 [http-nio-8761-exec-6] WARN  com.netflix.eureka.registry.AbstractInstanceRegistry - DS: Registry: cancel failed because Lease is not registered for: MIRCO-ANCAIYUN-PERFORMANCE-SERVER/localhost:mirco-ancaiyun-performance-server:-1
2018-11-05 10:53:26.381 [Eureka-PeerNodesUpdater] WARN  com.netflix.eureka.cluster.PeerEurekaNodes - The replica size seems to be empty. Check the route 53 DNS Registry
2018-11-05 11:03:26.382 [Eureka-PeerNodesUpdater] WARN  com.netflix.eureka.cluster.PeerEurekaNodes - The replica size seems to be empty. Check the route 53 DNS Registry
2018-11-05 11:13:26.386 [Eureka-PeerNodesUpdater] WARN  com.netflix.eureka.cluster.PeerEurekaNodes - The replica size seems to be empty. Check the route 53 DNS Registry
2018-11-05 11:23:26.389 [Eureka-PeerNodesUpdater] WARN  com.netflix.eureka.cluster.PeerEurekaNodes - The replica size seems to be empty. Check the route 53 DNS Registry
2018-11-05 11:33:26.390 [Eureka-PeerNodesUpdater] WARN  com.netflix.eureka.cluster.PeerEurekaNodes - The replica size seems to be empty. Check the route 53 DNS Registry
2018-11-05 11:43:26.405 [Eureka-PeerNodesUpdater] WARN  com.netflix.eureka.cluster.PeerEurekaNodes - The replica size seems to be empty. Check the route 53 DNS Registry
2018-11-05 11:53:26.407 [Eureka-PeerNodesUpdater] WARN  com.netflix.eureka.cluster.PeerEurekaNodes - The replica size seems to be empty. Check the route 53 DNS Registry
2018-11-05 12:03:26.408 [Eureka-PeerNodesUpdater] WARN  com.netflix.eureka.cluster.PeerEurekaNodes - The replica size seems to be empty. Check the route 53 DNS Registry
2018-11-05 12:13:26.409 [Eureka-PeerNodesUpdater] WARN  com.netflix.eureka.cluster.PeerEurekaNodes - The replica size seems to be empty. Check the route 53 DNS Registry
2018-11-05 12:23:26.411 [Eureka-PeerNodesUpdater] WARN  com.netflix.eureka.cluster.PeerEurekaNodes - The replica size seems to be empty. Check the route 53 DNS Registry
2018-11-05 12:33:26.412 [Eureka-PeerNodesUpdater] WARN  com.netflix.eureka.cluster.PeerEurekaNodes - The replica size seems to be empty. Check the route 53 DNS Registry
2018-11-05 12:43:26.414 [Eureka-PeerNodesUpdater] WARN  com.netflix.eureka.cluster.PeerEurekaNodes - The replica size seems to be empty. Check the route 53 DNS Registry
2018-11-05 12:53:26.415 [Eureka-PeerNodesUpdater] WARN  com.netflix.eureka.cluster.PeerEurekaNodes - The replica size seems to be empty. Check the route 53 DNS Registry
2018-11-05 13:03:26.416 [Eureka-PeerNodesUpdater] WARN  com.netflix.eureka.cluster.PeerEurekaNodes - The replica size seems to be empty. Check the route 53 DNS Registry
2018-11-05 13:13:26.418 [Eureka-PeerNodesUpdater] WARN  com.netflix.eureka.cluster.PeerEurekaNodes - The replica size seems to be empty. Check the route 53 DNS Registry
2018-11-05 13:23:26.420 [Eureka-PeerNodesUpdater] WARN  com.netflix.eureka.cluster.PeerEurekaNodes - The replica size seems to be empty. Check the route 53 DNS Registry
2018-11-05 13:33:26.421 [Eureka-PeerNodesUpdater] WARN  com.netflix.eureka.cluster.PeerEurekaNodes - The replica size seems to be empty. Check the route 53 DNS Registry
2018-11-05 13:43:26.423 [Eureka-PeerNodesUpdater] WARN  com.netflix.eureka.cluster.PeerEurekaNodes - The replica size seems to be empty. Check the route 53 DNS Registry
2018-11-05 13:53:26.424 [Eureka-PeerNodesUpdater] WARN  com.netflix.eureka.cluster.PeerEurekaNodes - The replica size seems to be empty. Check the route 53 DNS Registry
2018-11-05 14:22:31.849 [Eureka-PeerNodesUpdater] WARN  com.netflix.eureka.cluster.PeerEurekaNodes - The replica size seems to be empty. Check the route 53 DNS Registry
2018-11-05 14:32:31.851 [Eureka-PeerNodesUpdater] WARN  com.netflix.eureka.cluster.PeerEurekaNodes - The replica size seems to be empty. Check the route 53 DNS Registry
2018-11-05 14:42:31.852 [Eureka-PeerNodesUpdater] WARN  com.netflix.eureka.cluster.PeerEurekaNodes - The replica size seems to be empty. Check the route 53 DNS Registry
2018-11-05 14:52:31.855 [Eureka-PeerNodesUpdater] WARN  com.netflix.eureka.cluster.PeerEurekaNodes - The replica size seems to be empty. Check the route 53 DNS Registry
2018-11-05 15:02:31.856 [Eureka-PeerNodesUpdater] WARN  com.netflix.eureka.cluster.PeerEurekaNodes - The replica size seems to be empty. Check the route 53 DNS Registry
2018-11-05 15:12:31.857 [Eureka-PeerNodesUpdater] WARN  com.netflix.eureka.cluster.PeerEurekaNodes - The replica size seems to be empty. Check the route 53 DNS Registry
2018-11-05 15:22:31.858 [Eureka-PeerNodesUpdater] WARN  com.netflix.eureka.cluster.PeerEurekaNodes - The replica size seems to be empty. Check the route 53 DNS Registry
2018-11-05 15:32:31.861 [Eureka-PeerNodesUpdater] WARN  com.netflix.eureka.cluster.PeerEurekaNodes - The replica size seems to be empty. Check the route 53 DNS Registry
2018-11-05 15:42:31.863 [Eureka-PeerNodesUpdater] WARN  com.netflix.eureka.cluster.PeerEurekaNodes - The replica size seems to be empty. Check the route 53 DNS Registry
2018-11-05 15:52:31.864 [Eureka-PeerNodesUpdater] WARN  com.netflix.eureka.cluster.PeerEurekaNodes - The replica size seems to be empty. Check the route 53 DNS Registry
2018-11-05 16:02:31.866 [Eureka-PeerNodesUpdater] WARN  com.netflix.eureka.cluster.PeerEurekaNodes - The replica size seems to be empty. Check the route 53 DNS Registry
2018-11-05 16:12:31.868 [Eureka-PeerNodesUpdater] WARN  com.netflix.eureka.cluster.PeerEurekaNodes - The replica size seems to be empty. Check the route 53 DNS Registry
2018-11-05 16:22:31.868 [Eureka-PeerNodesUpdater] WARN  com.netflix.eureka.cluster.PeerEurekaNodes - The replica size seems to be empty. Check the route 53 DNS Registry
2018-11-05 16:32:31.870 [Eureka-PeerNodesUpdater] WARN  com.netflix.eureka.cluster.PeerEurekaNodes - The replica size seems to be empty. Check the route 53 DNS Registry
2018-11-05 16:42:31.897 [Eureka-PeerNodesUpdater] WARN  com.netflix.eureka.cluster.PeerEurekaNodes - The replica size seems to be empty. Check the route 53 DNS Registry
2018-11-05 16:52:31.899 [Eureka-PeerNodesUpdater] WARN  com.netflix.eureka.cluster.PeerEurekaNodes - The replica size seems to be empty. Check the route 53 DNS Registry
2018-11-05 17:02:31.903 [Eureka-PeerNodesUpdater] WARN  com.netflix.eureka.cluster.PeerEurekaNodes - The replica size seems to be empty. Check the route 53 DNS Registry
2018-11-05 17:12:31.905 [Eureka-PeerNodesUpdater] WARN  com.netflix.eureka.cluster.PeerEurekaNodes - The replica size seems to be empty. Check the route 53 DNS Registry
