2018-11-12 16:40:47.764 [main] INFO  org.springframework.context.annotation.AnnotationConfigApplicationContext - Refreshing org.springframework.context.annotation.AnnotationConfigApplicationContext@43c1b556: startup date [Mon Nov 12 16:40:47 CST 2018]; root of context hierarchy
2018-11-12 16:40:47.942 [main] INFO  org.springframework.beans.factory.annotation.AutowiredAnnotationBeanPostProcessor - JSR-330 'javax.inject.Inject' annotation found and supported for autowiring
2018-11-12 16:40:47.989 [main] INFO  org.springframework.context.support.PostProcessorRegistrationDelegate$BeanPostProcessorChecker - Bean 'configurationPropertiesRebinderAutoConfiguration' of type [org.springframework.cloud.autoconfigure.ConfigurationPropertiesRebinderAutoConfiguration$$EnhancerBySpringCGLIB$$c9884dde] is not eligible for getting processed by all BeanPostProcessors (for example: not eligible for auto-proxying)
2018-11-12 16:40:49.397 [main] INFO  com.ancaiyun.MicroAncaiyunEurekaServerApplication - No active profile set, falling back to default profiles: default
2018-11-12 16:40:49.418 [main] INFO  org.springframework.boot.web.servlet.context.AnnotationConfigServletWebServerApplicationContext - Refreshing org.springframework.boot.web.servlet.context.AnnotationConfigServletWebServerApplicationContext@6c2ed0cd: startup date [Mon Nov 12 16:40:49 CST 2018]; parent: org.springframework.context.annotation.AnnotationConfigApplicationContext@43c1b556
2018-11-12 16:40:50.105 [main] INFO  org.springframework.beans.factory.support.DefaultListableBeanFactory - Overriding bean definition for bean 'environmentWebEndpointExtension' with a different definition: replacing [Root bean: class [null]; scope=; abstract=false; lazyInit=false; autowireMode=3; dependencyCheck=0; autowireCandidate=true; primary=false; factoryBeanName=org.springframework.boot.actuate.autoconfigure.env.EnvironmentEndpointAutoConfiguration; factoryMethodName=environmentWebEndpointExtension; initMethodName=null; destroyMethodName=(inferred); defined in class path resource [org/springframework/boot/actuate/autoconfigure/env/EnvironmentEndpointAutoConfiguration.class]] with [Root bean: class [null]; scope=; abstract=false; lazyInit=false; autowireMode=3; dependencyCheck=0; autowireCandidate=true; primary=false; factoryBeanName=org.springframework.cloud.autoconfigure.LifecycleMvcEndpointAutoConfiguration$EndpointConfiguration; factoryMethodName=environmentWebEndpointExtension; initMethodName=null; destroyMethodName=(inferred); defined in class path resource [org/springframework/cloud/autoconfigure/LifecycleMvcEndpointAutoConfiguration$EndpointConfiguration.class]]
2018-11-12 16:40:50.385 [main] INFO  org.springframework.cloud.context.scope.GenericScope - BeanFactory id=8385353e-8ffa-3050-ab7a-11f1d62df4d6
2018-11-12 16:40:50.399 [main] INFO  org.springframework.beans.factory.annotation.AutowiredAnnotationBeanPostProcessor - JSR-330 'javax.inject.Inject' annotation found and supported for autowiring
2018-11-12 16:40:50.469 [main] INFO  org.springframework.context.support.PostProcessorRegistrationDelegate$BeanPostProcessorChecker - Bean 'org.springframework.cloud.autoconfigure.ConfigurationPropertiesRebinderAutoConfiguration' of type [org.springframework.cloud.autoconfigure.ConfigurationPropertiesRebinderAutoConfiguration$$EnhancerBySpringCGLIB$$c9884dde] is not eligible for getting processed by all BeanPostProcessors (for example: not eligible for auto-proxying)
2018-11-12 16:40:50.744 [main] INFO  org.springframework.boot.web.embedded.tomcat.TomcatWebServer - Tomcat initialized with port(s): 8761 (http)
2018-11-12 16:40:50.761 [main] INFO  org.apache.coyote.http11.Http11NioProtocol - Initializing ProtocolHandler ["http-nio-8761"]
2018-11-12 16:40:50.778 [main] INFO  org.apache.catalina.core.StandardService - Starting service [Tomcat]
2018-11-12 16:40:50.778 [main] INFO  org.apache.catalina.core.StandardEngine - Starting Servlet Engine: Apache Tomcat/8.5.29
2018-11-12 16:40:50.794 [localhost-startStop-1] INFO  org.apache.catalina.core.AprLifecycleListener - The APR based Apache Tomcat Native library which allows optimal performance in production environments was not found on the java.library.path: [D:\houtai\jdk\bin;C:\WINDOWS\Sun\Java\bin;C:\WINDOWS\system32;C:\WINDOWS;D:\houtai\jdk\bin;C:\ProgramData\Oracle\Java\javapath;F:\springboot\spring-boot-cli-1.3.0.BUILD-SNAPSHOT-bin\spring-1.3.0.BUILD-SNAPSHOT\bin;C:\WINDOWS\system32;C:\WINDOWS;C:\WINDOWS\System32\Wbem;C:\WINDOWS\System32\WindowsPowerShell\v1.0\;C:\WINDOWS\System32\OpenSSH\;D:\houtai\node_js\;D:\houtai\git\Git\cmd;D:\mysql\mysql-5.7.20-winx64\bin;D:\houtai\otp\erl10.1\bin;D:\houtai\go\bin;F:\python\learn\Scripts\;F:\python\learn\;D:\houtai\jdk\bin;C:\Users\Administrator\AppData\Local\Microsoft\WindowsApps;C:\Users\Administrator\AppData\Roaming\npm;C:\Users\Administrator\go\bin;.]
2018-11-12 16:40:50.976 [localhost-startStop-1] INFO  org.apache.catalina.core.ContainerBase.[Tomcat].[localhost].[/] - Initializing Spring embedded WebApplicationContext
2018-11-12 16:40:50.977 [localhost-startStop-1] INFO  org.springframework.web.context.ContextLoader - Root WebApplicationContext: initialization completed in 1559 ms
2018-11-12 16:40:52.835 [localhost-startStop-1] INFO  org.springframework.cloud.commons.util.InetUtils - Cannot determine local hostname
2018-11-12 16:40:54.001 [localhost-startStop-1] INFO  org.springframework.cloud.commons.util.InetUtils - Cannot determine local hostname
2018-11-12 16:40:54.327 [localhost-startStop-1] INFO  org.springframework.boot.web.servlet.FilterRegistrationBean - Mapping filter: 'characterEncodingFilter' to: [/*]
2018-11-12 16:40:54.327 [localhost-startStop-1] INFO  org.springframework.boot.web.servlet.FilterRegistrationBean - Mapping filter: 'hiddenHttpMethodFilter' to: [/*]
2018-11-12 16:40:54.327 [localhost-startStop-1] INFO  org.springframework.boot.web.servlet.FilterRegistrationBean - Mapping filter: 'httpPutFormContentFilter' to: [/*]
2018-11-12 16:40:54.327 [localhost-startStop-1] INFO  org.springframework.boot.web.servlet.FilterRegistrationBean - Mapping filter: 'requestContextFilter' to: [/*]
2018-11-12 16:40:54.328 [localhost-startStop-1] INFO  org.springframework.boot.web.servlet.FilterRegistrationBean - Mapping filter: 'httpTraceFilter' to: [/*]
2018-11-12 16:40:54.328 [localhost-startStop-1] INFO  org.springframework.boot.web.servlet.FilterRegistrationBean - Mapping filter: 'webMvcMetricsFilter' to: [/*]
2018-11-12 16:40:54.328 [localhost-startStop-1] INFO  org.springframework.boot.web.servlet.FilterRegistrationBean - Mapping filter: 'servletContainer' to urls: [/eureka/*]
2018-11-12 16:40:54.328 [localhost-startStop-1] INFO  org.springframework.boot.web.servlet.ServletRegistrationBean - Servlet dispatcherServlet mapped to [/]
2018-11-12 16:40:54.458 [localhost-startStop-1] INFO  com.sun.jersey.server.impl.application.WebApplicationImpl - Initiating Jersey application, version 'Jersey: 1.19.1 03/11/2016 02:08 PM'
2018-11-12 16:40:54.521 [localhost-startStop-1] INFO  com.netflix.discovery.provider.DiscoveryJerseyProvider - Using JSON encoding codec LegacyJacksonJson
2018-11-12 16:40:54.521 [localhost-startStop-1] INFO  com.netflix.discovery.provider.DiscoveryJerseyProvider - Using JSON decoding codec LegacyJacksonJson
2018-11-12 16:40:54.711 [localhost-startStop-1] INFO  com.netflix.discovery.provider.DiscoveryJerseyProvider - Using XML encoding codec XStreamXml
2018-11-12 16:40:54.711 [localhost-startStop-1] INFO  com.netflix.discovery.provider.DiscoveryJerseyProvider - Using XML decoding codec XStreamXml
2018-11-12 16:40:55.102 [main] INFO  com.netflix.config.sources.URLConfigurationSource - To enable URLs as dynamic configuration sources, define System property archaius.configurationSource.additionalUrls or make config.properties available on classpath.
2018-11-12 16:40:55.128 [main] INFO  com.netflix.config.sources.URLConfigurationSource - To enable URLs as dynamic configuration sources, define System property archaius.configurationSource.additionalUrls or make config.properties available on classpath.
2018-11-12 16:40:55.212 [main] INFO  org.springframework.web.servlet.handler.SimpleUrlHandlerMapping - Mapped URL path [/**/favicon.ico] onto handler of type [class org.springframework.web.servlet.resource.ResourceHttpRequestHandler]
2018-11-12 16:40:55.407 [main] INFO  org.springframework.web.servlet.mvc.method.annotation.RequestMappingHandlerAdapter - Looking for @ControllerAdvice: org.springframework.boot.web.servlet.context.AnnotationConfigServletWebServerApplicationContext@6c2ed0cd: startup date [Mon Nov 12 16:40:49 CST 2018]; parent: org.springframework.context.annotation.AnnotationConfigApplicationContext@43c1b556
2018-11-12 16:40:55.467 [main] INFO  org.springframework.web.servlet.mvc.method.annotation.RequestMappingHandlerMapping - Mapped "{[/error]}" onto public org.springframework.http.ResponseEntity<java.util.Map<java.lang.String, java.lang.Object>> org.springframework.boot.autoconfigure.web.servlet.error.BasicErrorController.error(javax.servlet.http.HttpServletRequest)
2018-11-12 16:40:55.468 [main] INFO  org.springframework.web.servlet.mvc.method.annotation.RequestMappingHandlerMapping - Mapped "{[/error],produces=[text/html]}" onto public org.springframework.web.servlet.ModelAndView org.springframework.boot.autoconfigure.web.servlet.error.BasicErrorController.errorHtml(javax.servlet.http.HttpServletRequest,javax.servlet.http.HttpServletResponse)
2018-11-12 16:40:55.473 [main] INFO  org.springframework.web.servlet.mvc.method.annotation.RequestMappingHandlerMapping - Mapped "{[/],methods=[GET]}" onto public java.lang.String org.springframework.cloud.netflix.eureka.server.EurekaController.status(javax.servlet.http.HttpServletRequest,java.util.Map<java.lang.String, java.lang.Object>)
2018-11-12 16:40:55.473 [main] INFO  org.springframework.web.servlet.mvc.method.annotation.RequestMappingHandlerMapping - Mapped "{[/lastn],methods=[GET]}" onto public java.lang.String org.springframework.cloud.netflix.eureka.server.EurekaController.lastn(javax.servlet.http.HttpServletRequest,java.util.Map<java.lang.String, java.lang.Object>)
2018-11-12 16:40:55.491 [main] INFO  org.springframework.web.servlet.handler.SimpleUrlHandlerMapping - Mapped URL path [/webjars/**] onto handler of type [class org.springframework.web.servlet.resource.ResourceHttpRequestHandler]
2018-11-12 16:40:55.491 [main] INFO  org.springframework.web.servlet.handler.SimpleUrlHandlerMapping - Mapped URL path [/**] onto handler of type [class org.springframework.web.servlet.resource.ResourceHttpRequestHandler]
2018-11-12 16:40:55.878 [main] INFO  org.springframework.ui.freemarker.SpringTemplateLoader - SpringTemplateLoader for FreeMarker: using resource loader [org.springframework.boot.web.servlet.context.AnnotationConfigServletWebServerApplicationContext@6c2ed0cd: startup date [Mon Nov 12 16:40:49 CST 2018]; parent: org.springframework.context.annotation.AnnotationConfigApplicationContext@43c1b556] and template loader path [classpath:/templates/]
2018-11-12 16:40:55.879 [main] INFO  org.springframework.web.servlet.view.freemarker.FreeMarkerConfigurer - ClassTemplateLoader for Spring macros added to FreeMarker configuration
2018-11-12 16:40:56.045 [main] INFO  org.springframework.cloud.netflix.eureka.InstanceInfoFactory - Setting initial instance status as: STARTING
2018-11-12 16:40:56.197 [main] INFO  com.netflix.discovery.DiscoveryClient - Initializing Eureka in region us-east-1
2018-11-12 16:40:56.197 [main] INFO  com.netflix.discovery.DiscoveryClient - Client configured to neither register nor query for data.
2018-11-12 16:40:56.233 [main] INFO  com.netflix.discovery.DiscoveryClient - Discovery Client initialized at timestamp 1542012056231 with initial instances count: 0
2018-11-12 16:40:56.297 [main] INFO  com.netflix.eureka.DefaultEurekaServerContext - Initializing ...
2018-11-12 16:40:56.308 [main] INFO  com.netflix.eureka.registry.AbstractInstanceRegistry - Finished initializing remote region registries. All known remote regions: []
2018-11-12 16:40:56.310 [main] INFO  com.netflix.eureka.DefaultEurekaServerContext - Initialized
2018-11-12 16:40:56.322 [main] INFO  org.springframework.boot.actuate.endpoint.web.EndpointLinksResolver - Exposing 2 endpoint(s) beneath base path '/actuator'
2018-11-12 16:40:56.329 [main] INFO  org.springframework.boot.actuate.endpoint.web.servlet.WebMvcEndpointHandlerMapping - Mapped "{[/actuator/health],methods=[GET],produces=[application/vnd.spring-boot.actuator.v2+json || application/json]}" onto public java.lang.Object org.springframework.boot.actuate.endpoint.web.servlet.AbstractWebMvcEndpointHandlerMapping$OperationHandler.handle(javax.servlet.http.HttpServletRequest,java.util.Map<java.lang.String, java.lang.String>)
2018-11-12 16:40:56.330 [main] INFO  org.springframework.boot.actuate.endpoint.web.servlet.WebMvcEndpointHandlerMapping - Mapped "{[/actuator/info],methods=[GET],produces=[application/vnd.spring-boot.actuator.v2+json || application/json]}" onto public java.lang.Object org.springframework.boot.actuate.endpoint.web.servlet.AbstractWebMvcEndpointHandlerMapping$OperationHandler.handle(javax.servlet.http.HttpServletRequest,java.util.Map<java.lang.String, java.lang.String>)
2018-11-12 16:40:56.331 [main] INFO  org.springframework.boot.actuate.endpoint.web.servlet.WebMvcEndpointHandlerMapping - Mapped "{[/actuator],methods=[GET],produces=[application/vnd.spring-boot.actuator.v2+json || application/json]}" onto protected java.util.Map<java.lang.String, java.util.Map<java.lang.String, org.springframework.boot.actuate.endpoint.web.Link>> org.springframework.boot.actuate.endpoint.web.servlet.WebMvcEndpointHandlerMapping.links(javax.servlet.http.HttpServletRequest,javax.servlet.http.HttpServletResponse)
2018-11-12 16:40:56.367 [main] INFO  org.springframework.jmx.export.annotation.AnnotationMBeanExporter - Registering beans for JMX exposure on startup
2018-11-12 16:40:56.373 [main] INFO  org.springframework.jmx.export.annotation.AnnotationMBeanExporter - Bean with name 'configurationPropertiesRebinder' has been autodetected for JMX exposure
2018-11-12 16:40:56.374 [main] INFO  org.springframework.jmx.export.annotation.AnnotationMBeanExporter - Bean with name 'environmentManager' has been autodetected for JMX exposure
2018-11-12 16:40:56.374 [main] INFO  org.springframework.jmx.export.annotation.AnnotationMBeanExporter - Bean with name 'refreshScope' has been autodetected for JMX exposure
2018-11-12 16:40:56.376 [main] INFO  org.springframework.jmx.export.annotation.AnnotationMBeanExporter - Located managed bean 'environmentManager': registering with JMX server as MBean [org.springframework.cloud.context.environment:name=environmentManager,type=EnvironmentManager]
2018-11-12 16:40:56.383 [main] INFO  org.springframework.jmx.export.annotation.AnnotationMBeanExporter - Located managed bean 'refreshScope': registering with JMX server as MBean [org.springframework.cloud.context.scope.refresh:name=refreshScope,type=RefreshScope]
2018-11-12 16:40:56.390 [main] INFO  org.springframework.jmx.export.annotation.AnnotationMBeanExporter - Located managed bean 'configurationPropertiesRebinder': registering with JMX server as MBean [org.springframework.cloud.context.properties:name=configurationPropertiesRebinder,context=6c2ed0cd,type=ConfigurationPropertiesRebinder]
2018-11-12 16:40:56.405 [main] INFO  org.springframework.context.support.DefaultLifecycleProcessor - Starting beans in phase 0
2018-11-12 16:40:56.406 [main] INFO  org.springframework.cloud.netflix.eureka.serviceregistry.EurekaServiceRegistry - Registering application unknown with eureka with status UP
2018-11-12 16:40:56.409 [Thread-34] INFO  org.springframework.cloud.netflix.eureka.server.EurekaServerBootstrap - Setting the eureka configuration..
2018-11-12 16:40:56.410 [Thread-34] INFO  org.springframework.cloud.netflix.eureka.server.EurekaServerBootstrap - Eureka data center value eureka.datacenter is not set, defaulting to default
2018-11-12 16:40:56.411 [Thread-34] INFO  org.springframework.cloud.netflix.eureka.server.EurekaServerBootstrap - Eureka environment value eureka.environment is not set, defaulting to test
2018-11-12 16:40:56.419 [Thread-34] INFO  org.springframework.cloud.netflix.eureka.server.EurekaServerBootstrap - isAws returned false
2018-11-12 16:40:56.419 [main] INFO  org.apache.coyote.http11.Http11NioProtocol - Starting ProtocolHandler ["http-nio-8761"]
2018-11-12 16:40:56.420 [Thread-34] INFO  org.springframework.cloud.netflix.eureka.server.EurekaServerBootstrap - Initialized server context
2018-11-12 16:40:56.420 [Thread-34] INFO  com.netflix.eureka.registry.PeerAwareInstanceRegistryImpl - Got 1 instances from neighboring DS node
2018-11-12 16:40:56.420 [Thread-34] INFO  com.netflix.eureka.registry.PeerAwareInstanceRegistryImpl - Renew threshold is: 1
2018-11-12 16:40:56.420 [Thread-34] INFO  com.netflix.eureka.registry.PeerAwareInstanceRegistryImpl - Changing status to UP
2018-11-12 16:40:56.430 [Thread-34] INFO  org.springframework.cloud.netflix.eureka.server.EurekaServerInitializerConfiguration - Started Eureka Server
2018-11-12 16:40:56.432 [main] INFO  org.apache.tomcat.util.net.NioSelectorPool - Using a shared selector for servlet write/read
2018-11-12 16:40:56.453 [main] INFO  org.springframework.boot.web.embedded.tomcat.TomcatWebServer - Tomcat started on port(s): 8761 (http) with context path ''
2018-11-12 16:40:56.454 [main] INFO  org.springframework.cloud.netflix.eureka.serviceregistry.EurekaAutoServiceRegistration - Updating port to 8761
2018-11-12 16:40:56.455 [main] INFO  com.ancaiyun.MicroAncaiyunEurekaServerApplication - Started MicroAncaiyunEurekaServerApplication in 10.495 seconds (JVM running for 14.11)
2018-11-12 16:40:57.035 [RMI TCP Connection(7)-127.0.0.1] INFO  org.apache.catalina.core.ContainerBase.[Tomcat].[localhost].[/] - Initializing Spring FrameworkServlet 'dispatcherServlet'
2018-11-12 16:40:57.035 [RMI TCP Connection(7)-127.0.0.1] INFO  org.springframework.web.servlet.DispatcherServlet - FrameworkServlet 'dispatcherServlet': initialization started
2018-11-12 16:40:57.057 [RMI TCP Connection(7)-127.0.0.1] INFO  org.springframework.web.servlet.DispatcherServlet - FrameworkServlet 'dispatcherServlet': initialization completed in 22 ms
2018-11-12 16:41:24.150 [http-nio-8761-exec-2] INFO  com.netflix.eureka.registry.AbstractInstanceRegistry - Registered instance MICRO-ANCAIYUN-ZUUL/localhost:micro-ancaiyun-zuul:8888 with status UP (replication=false)
2018-11-12 16:41:56.420 [Eureka-EvictionTimer] INFO  com.netflix.eureka.registry.AbstractInstanceRegistry - Running the evict task with compensationTime 0ms
2018-11-12 16:42:41.897 [http-nio-8761-exec-1] INFO  com.netflix.eureka.registry.AbstractInstanceRegistry - Registered instance MICRO-ANCAIYUN-SSO-SERVER/localhost:micro-ancaiyun-sso-server:8089 with status UP (replication=false)
2018-11-12 16:42:56.420 [Eureka-EvictionTimer] INFO  com.netflix.eureka.registry.AbstractInstanceRegistry - Running the evict task with compensationTime 0ms
2018-11-12 16:43:04.044 [http-nio-8761-exec-6] INFO  com.netflix.eureka.registry.AbstractInstanceRegistry - Registered instance MIRCO-ANCAIYUN-PERFORMANCE-SERVER/localhost:mirco-ancaiyun-performance-server:8081 with status UP (replication=false)
2018-11-12 16:43:56.421 [Eureka-EvictionTimer] INFO  com.netflix.eureka.registry.AbstractInstanceRegistry - Running the evict task with compensationTime 0ms
2018-11-12 16:44:56.422 [Eureka-EvictionTimer] INFO  com.netflix.eureka.registry.AbstractInstanceRegistry - Running the evict task with compensationTime 0ms
2018-11-12 16:45:56.422 [Eureka-EvictionTimer] INFO  com.netflix.eureka.registry.AbstractInstanceRegistry - Running the evict task with compensationTime 0ms
2018-11-12 16:46:56.422 [Eureka-EvictionTimer] INFO  com.netflix.eureka.registry.AbstractInstanceRegistry - Running the evict task with compensationTime 0ms
2018-11-12 16:47:56.423 [Eureka-EvictionTimer] INFO  com.netflix.eureka.registry.AbstractInstanceRegistry - Running the evict task with compensationTime 0ms
2018-11-12 16:48:02.562 [http-nio-8761-exec-3] INFO  com.netflix.eureka.registry.AbstractInstanceRegistry - Registered instance MIRCO-ANCAIYUN-PERFORMANCE-SERVER/localhost:mirco-ancaiyun-performance-server:8081 with status UP (replication=false)
2018-11-12 16:48:56.424 [Eureka-EvictionTimer] INFO  com.netflix.eureka.registry.AbstractInstanceRegistry - Running the evict task with compensationTime 0ms
2018-11-12 16:49:56.424 [Eureka-EvictionTimer] INFO  com.netflix.eureka.registry.AbstractInstanceRegistry - Running the evict task with compensationTime 0ms
2018-11-12 16:50:56.424 [Eureka-EvictionTimer] INFO  com.netflix.eureka.registry.AbstractInstanceRegistry - Running the evict task with compensationTime 0ms
2018-11-12 16:51:56.425 [Eureka-EvictionTimer] INFO  com.netflix.eureka.registry.AbstractInstanceRegistry - Running the evict task with compensationTime 0ms
2018-11-12 16:52:56.426 [Eureka-EvictionTimer] INFO  com.netflix.eureka.registry.AbstractInstanceRegistry - Running the evict task with compensationTime 0ms
2018-11-12 16:53:56.426 [Eureka-EvictionTimer] INFO  com.netflix.eureka.registry.AbstractInstanceRegistry - Running the evict task with compensationTime 0ms
2018-11-12 16:54:56.427 [Eureka-EvictionTimer] INFO  com.netflix.eureka.registry.AbstractInstanceRegistry - Running the evict task with compensationTime 0ms
2018-11-12 16:55:56.309 [ReplicaAwareInstanceRegistry - RenewalThresholdUpdater] INFO  com.netflix.eureka.registry.PeerAwareInstanceRegistryImpl - Current renewal threshold is : 6
2018-11-12 16:55:56.427 [Eureka-EvictionTimer] INFO  com.netflix.eureka.registry.AbstractInstanceRegistry - Running the evict task with compensationTime 0ms
2018-11-12 16:56:56.428 [Eureka-EvictionTimer] INFO  com.netflix.eureka.registry.AbstractInstanceRegistry - Running the evict task with compensationTime 0ms
2018-11-12 16:57:56.428 [Eureka-EvictionTimer] INFO  com.netflix.eureka.registry.AbstractInstanceRegistry - Running the evict task with compensationTime 0ms
2018-11-12 16:58:56.429 [Eureka-EvictionTimer] INFO  com.netflix.eureka.registry.AbstractInstanceRegistry - Running the evict task with compensationTime 0ms
2018-11-12 16:59:56.429 [Eureka-EvictionTimer] INFO  com.netflix.eureka.registry.AbstractInstanceRegistry - Running the evict task with compensationTime 0ms
2018-11-12 17:00:56.430 [Eureka-EvictionTimer] INFO  com.netflix.eureka.registry.AbstractInstanceRegistry - Running the evict task with compensationTime 0ms
2018-11-12 17:01:56.431 [Eureka-EvictionTimer] INFO  com.netflix.eureka.registry.AbstractInstanceRegistry - Running the evict task with compensationTime 0ms
2018-11-12 17:02:56.431 [Eureka-EvictionTimer] INFO  com.netflix.eureka.registry.AbstractInstanceRegistry - Running the evict task with compensationTime 0ms
2018-11-12 17:03:56.432 [Eureka-EvictionTimer] INFO  com.netflix.eureka.registry.AbstractInstanceRegistry - Running the evict task with compensationTime 0ms
2018-11-12 17:04:56.433 [Eureka-EvictionTimer] INFO  com.netflix.eureka.registry.AbstractInstanceRegistry - Running the evict task with compensationTime 0ms
2018-11-12 17:05:56.433 [Eureka-EvictionTimer] INFO  com.netflix.eureka.registry.AbstractInstanceRegistry - Running the evict task with compensationTime 0ms
2018-11-12 17:06:56.434 [Eureka-EvictionTimer] INFO  com.netflix.eureka.registry.AbstractInstanceRegistry - Running the evict task with compensationTime 0ms
2018-11-12 17:07:56.434 [Eureka-EvictionTimer] INFO  com.netflix.eureka.registry.AbstractInstanceRegistry - Running the evict task with compensationTime 0ms
2018-11-12 17:08:56.435 [Eureka-EvictionTimer] INFO  com.netflix.eureka.registry.AbstractInstanceRegistry - Running the evict task with compensationTime 0ms
2018-11-12 17:09:56.436 [Eureka-EvictionTimer] INFO  com.netflix.eureka.registry.AbstractInstanceRegistry - Running the evict task with compensationTime 0ms
2018-11-12 17:10:56.309 [ReplicaAwareInstanceRegistry - RenewalThresholdUpdater] INFO  com.netflix.eureka.registry.PeerAwareInstanceRegistryImpl - Current renewal threshold is : 6
2018-11-12 17:10:56.436 [Eureka-EvictionTimer] INFO  com.netflix.eureka.registry.AbstractInstanceRegistry - Running the evict task with compensationTime 0ms
2018-11-12 17:11:56.436 [Eureka-EvictionTimer] INFO  com.netflix.eureka.registry.AbstractInstanceRegistry - Running the evict task with compensationTime 0ms
2018-11-12 17:12:56.437 [Eureka-EvictionTimer] INFO  com.netflix.eureka.registry.AbstractInstanceRegistry - Running the evict task with compensationTime 0ms
2018-11-12 17:13:56.438 [Eureka-EvictionTimer] INFO  com.netflix.eureka.registry.AbstractInstanceRegistry - Running the evict task with compensationTime 1ms
